# JRE version: OpenJDK Runtime Environment Temurin-21.0.11+10 (21.0.11+10) (build 21.0.11+10-LTS)
# Java VM: OpenJDK 64-Bit Server VM Temurin-21.0.11+10 (21.0.11+10-LTS, mixed mode, sharing, tiered, compressed oops, compressed class ptrs, parallel gc, windows-amd64)
GC Precious Log:
 CardTable entry size: 512
 CPUs: 20 total, 20 available
 Memory: 16010M
 Large Page Support: Disabled
 NUMA Support: Disabled
 Compressed Oops: Enabled (32-bit)
 Alignments: Space 512K, Generation 512K, Heap 2M
 Heap Min Capacity: 100M
 Heap Initial Capacity: 100M
 Heap Max Capacity: 2G
 Pre-touch: Disabled
 Parallel Workers: 15
Heap:
 PSYoungGen      total 3584K, used 2392K [0x00000000d5580000, 0x00000000d5a80000, 0x0000000100000000)
  eden space 2048K, 70% used [0x00000000d5580000,0x00000000d56ea0d0,0x00000000d5780000)
  from space 1536K, 61% used [0x00000000d5900000,0x00000000d59ec020,0x00000000d5a80000)
  to   space 1536K, 0% used [0x00000000d5780000,0x00000000d5780000,0x00000000d5900000)
 ParOldGen       total 510976K, used 245068K [0x0000000080000000, 0x000000009f300000, 0x00000000d5580000)
  object space 510976K, 47% used [0x0000000080000000,0x000000008ef530c0,0x000000009f300000)
 Metaspace       used 70888K, committed 72320K, reserved 1114112K
  class space    used 7500K, committed 8128K, reserved 1048576K
GC Heap History (20 events):
Event: 79.704 GC heap before
{Heap before GC invocations=294 (full 3):
 PSYoungGen      total 1024K, used 1024K [0x00000000d5580000, 0x00000000d5b00000, 0x0000000100000000)
  eden space 512K, 100% used [0x00000000d5580000,0x00000000d5600000,0x00000000d5600000)
  from space 512K, 100% used [0x00000000d5800000,0x00000000d5880000,0x00000000d5880000)
  to   space 2048K, 0% used [0x00000000d5600000,0x00000000d5600000,0x00000000d5800000)
 ParOldGen       total 510976K, used 236451K [0x0000000080000000, 0x000000009f300000, 0x00000000d5580000)
  object space 510976K, 46% used [0x0000000080000000,0x000000008e6e8e50,0x000000009f300000)
 Metaspace       used 70729K, committed 72192K, reserved 1114112K
  class space    used 7484K, committed 8128K, reserved 1048576K
}
Event: 79.705 GC heap after
{Heap after GC invocations=294 (full 3):
 PSYoungGen      total 1536K, used 768K [0x00000000d5580000, 0x00000000d5900000, 0x0000000100000000)
  eden space 512K, 0% used [0x00000000d5580000,0x00000000d5580000,0x00000000d5600000)
  from space 1024K, 75% used [0x00000000d5600000,0x00000000d56c0000,0x00000000d5700000)
  to   space 1536K, 0% used [0x00000000d5780000,0x00000000d5780000,0x00000000d5900000)
 ParOldGen       total 510976K, used 237035K [0x0000000080000000, 0x000000009f300000, 0x00000000d5580000)
  object space 510976K, 46% used [0x0000000080000000,0x000000008e77ae50,0x000000009f300000)
 Metaspace       used 70729K, committed 72192K, reserved 1114112K
  class space    used 7484K, committed 8128K, reserved 1048576K
}
Event: 79.706 GC heap before
{Heap before GC invocations=295 (full 3):
 PSYoungGen      total 1536K, used 1280K [0x00000000d5580000, 0x00000000d5900000, 0x0000000100000000)
  eden space 512K, 100% used [0x00000000d5580000,0x00000000d5600000,0x00000000d5600000)
  from space 1024K, 75% used [0x00000000d5600000,0x00000000d56c0000,0x00000000d5700000)
  to   space 1536K, 0% used [0x00000000d5780000,0x00000000d5780000,0x00000000d5900000)
 ParOldGen       total 510976K, used 237035K [0x0000000080000000, 0x000000009f300000, 0x00000000d5580000)
  object space 510976K, 46% used [0x0000000080000000,0x000000008e77ae50,0x000000009f300000)
 Metaspace       used 70729K, committed 72192K, reserved 1114112K
  class space    used 7484K, committed 8128K, reserved 1048576K
}
Event: 79.706 GC heap after
{Heap after GC invocations=295 (full 3):
 PSYoungGen      total 2048K, used 640K [0x00000000d5580000, 0x00000000d5880000, 0x0000000100000000)
  eden space 1024K, 0% used [0x00000000d5580000,0x00000000d5580000,0x00000000d5680000)
  from space 1024K, 62% used [0x00000000d5780000,0x00000000d5820000,0x00000000d5880000)
  to   space 1024K, 0% used [0x00000000d5680000,0x00000000d5680000,0x00000000d5780000)
 ParOldGen       total 510976K, used 237571K [0x0000000080000000, 0x000000009f300000, 0x00000000d5580000)
  object space 510976K, 46% used [0x0000000080000000,0x000000008e800e50,0x000000009f300000)
 Metaspace       used 70729K, committed 72192K, reserved 1114112K
  class space    used 7484K, committed 8128K, reserved 1048576K
}
Event: 79.708 GC heap before
{Heap before GC invocations=296 (full 3):
 PSYoungGen      total 2048K, used 1664K [0x00000000d5580000, 0x00000000d5880000, 0x0000000100000000)
  eden space 1024K, 100% used [0x00000000d5580000,0x00000000d5680000,0x00000000d5680000)
  from space 1024K, 62% used [0x00000000d5780000,0x00000000d5820000,0x00000000d5880000)
  to   space 1024K, 0% used [0x00000000d5680000,0x00000000d5680000,0x00000000d5780000)
 ParOldGen       total 510976K, used 237571K [0x0000000080000000, 0x000000009f300000, 0x00000000d5580000)
  object space 510976K, 46% used [0x0000000080000000,0x000000008e800e50,0x000000009f300000)
 Metaspace       used 70729K, committed 72192K, reserved 1114112K
  class space    used 7484K, committed 8128K, reserved 1048576K
}
Event: 79.709 GC heap after
{Heap after GC invocations=296 (full 3):
 PSYoungGen      total 2048K, used 1024K [0x00000000d5580000, 0x00000000d5b00000, 0x0000000100000000)
  eden space 1024K, 0% used [0x00000000d5580000,0x00000000d5580000,0x00000000d5680000)
  from space 1024K, 100% used [0x00000000d5680000,0x00000000d5780000,0x00000000d5780000)
  to   space 2048K, 0% used [0x00000000d5900000,0x00000000d5900000,0x00000000d5b00000)
 ParOldGen       total 510976K, used 238139K [0x0000000080000000, 0x000000009f300000, 0x00000000d5580000)
  object space 510976K, 46% used [0x0000000080000000,0x000000008e88ee50,0x000000009f300000)
 Metaspace       used 70729K, committed 72192K, reserved 1114112K
  class space    used 7484K, committed 8128K, reserved 1048576K
}
Event: 79.711 GC heap before
{Heap before GC invocations=297 (full 3):
 PSYoungGen      total 2048K, used 2048K [0x00000000d5580000, 0x00000000d5b00000, 0x0000000100000000)
  eden space 1024K, 100% used [0x00000000d5580000,0x00000000d5680000,0x00000000d5680000)
  from space 1024K, 100% used [0x00000000d5680000,0x00000000d5780000,0x00000000d5780000)
  to   space 2048K, 0% used [0x00000000d5900000,0x00000000d5900000,0x00000000d5b00000)
 ParOldGen       total 510976K, used 238139K [0x0000000080000000, 0x000000009f300000, 0x00000000d5580000)
  object space 510976K, 46% used [0x0000000080000000,0x000000008e88ee50,0x000000009f300000)
 Metaspace       used 70729K, committed 72192K, reserved 1114112K
  class space    used 7484K, committed 8128K, reserved 1048576K
}
Event: 79.711 GC heap after
{Heap after GC invocations=297 (full 3):
 PSYoungGen      total 3072K, used 1152K [0x00000000d5580000, 0x00000000d5a80000, 0x0000000100000000)
  eden space 1536K, 0% used [0x00000000d5580000,0x00000000d5580000,0x00000000d5700000)
  from space 1536K, 75% used [0x00000000d5900000,0x00000000d5a20000,0x00000000d5a80000)
  to   space 1536K, 0% used [0x00000000d5780000,0x00000000d5780000,0x00000000d5900000)
 ParOldGen       total 510976K, used 239163K [0x0000000080000000, 0x000000009f300000, 0x00000000d5580000)
  object space 510976K, 46% used [0x0000000080000000,0x000000008e98ee50,0x000000009f300000)
 Metaspace       used 70729K, committed 72192K, reserved 1114112K
  class space    used 7484K, committed 8128K, reserved 1048576K
}
Event: 79.715 GC heap before
{Heap before GC invocations=298 (full 3):
 PSYoungGen      total 3072K, used 2663K [0x00000000d5580000, 0x00000000d5a80000, 0x0000000100000000)
  eden space 1536K, 98% used [0x00000000d5580000,0x00000000d56f9f40,0x00000000d5700000)
  from space 1536K, 75% used [0x00000000d5900000,0x00000000d5a20000,0x00000000d5a80000)
  to   space 1536K, 0% used [0x00000000d5780000,0x00000000d5780000,0x00000000d5900000)
 ParOldGen       total 510976K, used 239163K [0x0000000080000000, 0x000000009f300000, 0x00000000d5580000)
  object space 510976K, 46% used [0x0000000080000000,0x000000008e98ee50,0x000000009f300000)
 Metaspace       used 70729K, committed 72192K, reserved 1114112K
  class space    used 7484K, committed 8128K, reserved 1048576K
}
Event: 79.716 GC heap after
{Heap after GC invocations=298 (full 3):
 PSYoungGen      total 3584K, used 1488K [0x00000000d5580000, 0x00000000d5b80000, 0x0000000100000000)
  eden space 2048K, 0% used [0x00000000d5580000,0x00000000d5580000,0x00000000d5780000)
  from space 1536K, 96% used [0x00000000d5780000,0x00000000d58f4000,0x00000000d5900000)
  to   space 2048K, 0% used [0x00000000d5980000,0x00000000d5980000,0x00000000d5b80000)
 ParOldGen       total 510976K, used 240219K [0x0000000080000000, 0x000000009f300000, 0x00000000d5580000)
  object space 510976K, 47% used [0x0000000080000000,0x000000008ea96e50,0x000000009f300000)
 Metaspace       used 70729K, committed 72192K, reserved 1114112K
  class space    used 7484K, committed 8128K, reserved 1048576K
}
Event: 79.726 GC heap before
{Heap before GC invocations=299 (full 3):
 PSYoungGen      total 3584K, used 3536K [0x00000000d5580000, 0x00000000d5b80000, 0x0000000100000000)
  eden space 2048K, 100% used [0x00000000d5580000,0x00000000d5780000,0x00000000d5780000)
  from space 1536K, 96% used [0x00000000d5780000,0x00000000d58f4000,0x00000000d5900000)
  to   space 2048K, 0% used [0x00000000d5980000,0x00000000d5980000,0x00000000d5b80000)
 ParOldGen       total 510976K, used 240219K [0x0000000080000000, 0x000000009f300000, 0x00000000d5580000)
  object space 510976K, 47% used [0x0000000080000000,0x000000008ea96e50,0x000000009f300000)
 Metaspace       used 70729K, committed 72192K, reserved 1114112K
  class space    used 7484K, committed 8128K, reserved 1048576K
}
Event: 79.728 GC heap after
{Heap after GC invocations=299 (full 3):
 PSYoungGen      total 2560K, used 2032K [0x00000000d5580000, 0x00000000d5f00000, 0x0000000100000000)
  eden space 512K, 0% used [0x00000000d5580000,0x00000000d5580000,0x00000000d5600000)
  from space 2048K, 99% used [0x00000000d5980000,0x00000000d5b7c270,0x00000000d5b80000)
  to   space 3584K, 0% used [0x00000000d5600000,0x00000000d5600000,0x00000000d5980000)
 ParOldGen       total 510976K, used 241251K [0x0000000080000000, 0x000000009f300000, 0x00000000d5580000)
  object space 510976K, 47% used [0x0000000080000000,0x000000008eb98e50,0x000000009f300000)
 Metaspace       used 70729K, committed 72192K, reserved 1114112K
  class space    used 7484K, committed 8128K, reserved 1048576K
}
Event: 79.728 GC heap before
{Heap before GC invocations=300 (full 3):
 PSYoungGen      total 2560K, used 2544K [0x00000000d5580000, 0x00000000d5f00000, 0x0000000100000000)
  eden space 512K, 100% used [0x00000000d5580000,0x00000000d5600000,0x00000000d5600000)
  from space 2048K, 99% used [0x00000000d5980000,0x00000000d5b7c270,0x00000000d5b80000)
  to   space 3584K, 0% used [0x00000000d5600000,0x00000000d5600000,0x00000000d5980000)
 ParOldGen       total 510976K, used 241251K [0x0000000080000000, 0x000000009f300000, 0x00000000d5580000)
  object space 510976K, 47% used [0x0000000080000000,0x000000008eb98e50,0x000000009f300000)
 Metaspace       used 70729K, committed 72192K, reserved 1114112K
  class space    used 7484K, committed 8128K, reserved 1048576K
}
Event: 79.730 GC heap after
{Heap after GC invocations=300 (full 3):
 PSYoungGen      total 1536K, used 704K [0x00000000d5580000, 0x00000000d5a80000, 0x0000000100000000)
  eden space 512K, 0% used [0x00000000d5580000,0x00000000d5580000,0x00000000d5600000)
  from space 1024K, 68% used [0x00000000d5600000,0x00000000d56b0000,0x00000000d5700000)
  to   space 2048K, 0% used [0x00000000d5880000,0x00000000d5880000,0x00000000d5a80000)
 ParOldGen       total 510976K, used 243284K [0x0000000080000000, 0x000000009f300000, 0x00000000d5580000)
  object space 510976K, 47% used [0x0000000080000000,0x000000008ed950c0,0x000000009f300000)
 Metaspace       used 70729K, committed 72192K, reserved 1114112K
  class space    used 7484K, committed 8128K, reserved 1048576K
}
Event: 79.730 GC heap before
{Heap before GC invocations=301 (full 3):
 PSYoungGen      total 1536K, used 1215K [0x00000000d5580000, 0x00000000d5a80000, 0x0000000100000000)
  eden space 512K, 99% used [0x00000000d5580000,0x00000000d55fffa8,0x00000000d5600000)
  from space 1024K, 68% used [0x00000000d5600000,0x00000000d56b0000,0x00000000d5700000)
  to   space 2048K, 0% used [0x00000000d5880000,0x00000000d5880000,0x00000000d5a80000)
 ParOldGen       total 510976K, used 243284K [0x0000000080000000, 0x000000009f300000, 0x00000000d5580000)
  object space 510976K, 47% used [0x0000000080000000,0x000000008ed950c0,0x000000009f300000)
 Metaspace       used 70729K, committed 72192K, reserved 1114112K
  class space    used 7484K, committed 8128K, reserved 1048576K
}
Event: 79.731 GC heap after
{Heap after GC invocations=301 (full 3):
 PSYoungGen      total 2048K, used 640K [0x00000000d5580000, 0x00000000d5980000, 0x0000000100000000)
  eden space 1024K, 0% used [0x00000000d5580000,0x00000000d5580000,0x00000000d5680000)
  from space 1024K, 62% used [0x00000000d5880000,0x00000000d5920000,0x00000000d5980000)
  to   space 1024K, 0% used [0x00000000d5780000,0x00000000d5780000,0x00000000d5880000)
 ParOldGen       total 510976K, used 243820K [0x0000000080000000, 0x000000009f300000, 0x00000000d5580000)
  object space 510976K, 47% used [0x0000000080000000,0x000000008ee1b0c0,0x000000009f300000)
 Metaspace       used 70729K, committed 72192K, reserved 1114112K
  class space    used 7484K, committed 8128K, reserved 1048576K
}
Event: 79.733 GC heap before
{Heap before GC invocations=302 (full 3):
 PSYoungGen      total 2048K, used 1664K [0x00000000d5580000, 0x00000000d5980000, 0x0000000100000000)
  eden space 1024K, 100% used [0x00000000d5580000,0x00000000d5680000,0x00000000d5680000)
  from space 1024K, 62% used [0x00000000d5880000,0x00000000d5920000,0x00000000d5980000)
  to   space 1024K, 0% used [0x00000000d5780000,0x00000000d5780000,0x00000000d5880000)
 ParOldGen       total 510976K, used 243820K [0x0000000080000000, 0x000000009f300000, 0x00000000d5580000)
  object space 510976K, 47% used [0x0000000080000000,0x000000008ee1b0c0,0x000000009f300000)
 Metaspace       used 70729K, committed 72192K, reserved 1114112K
  class space    used 7484K, committed 8128K, reserved 1048576K
}
Event: 79.734 GC heap after
{Heap after GC invocations=302 (full 3):
 PSYoungGen      total 2560K, used 1000K [0x00000000d5580000, 0x00000000d5b00000, 0x0000000100000000)
  eden space 1536K, 0% used [0x00000000d5580000,0x00000000d5580000,0x00000000d5700000)
  from space 1024K, 97% used [0x00000000d5780000,0x00000000d587a000,0x00000000d5880000)
  to   space 2048K, 0% used [0x00000000d5900000,0x00000000d5900000,0x00000000d5b00000)
 ParOldGen       total 510976K, used 244348K [0x0000000080000000, 0x000000009f300000, 0x00000000d5580000)
  object space 510976K, 47% used [0x0000000080000000,0x000000008ee9f0c0,0x000000009f300000)
 Metaspace       used 70729K, committed 72192K, reserved 1114112K
  class space    used 7484K, committed 8128K, reserved 1048576K
}
Event: 79.808 GC heap before
{Heap before GC invocations=303 (full 3):
 PSYoungGen      total 2560K, used 2535K [0x00000000d5580000, 0x00000000d5b00000, 0x0000000100000000)
  eden space 1536K, 99% used [0x00000000d5580000,0x00000000d56fff38,0x00000000d5700000)
  from space 1024K, 97% used [0x00000000d5780000,0x00000000d587a000,0x00000000d5880000)
  to   space 2048K, 0% used [0x00000000d5900000,0x00000000d5900000,0x00000000d5b00000)
 ParOldGen       total 510976K, used 244348K [0x0000000080000000, 0x000000009f300000, 0x00000000d5580000)
  object space 510976K, 47% used [0x0000000080000000,0x000000008ee9f0c0,0x000000009f300000)
 Metaspace       used 70828K, committed 72256K, reserved 1114112K
  class space    used 7490K, committed 8128K, reserved 1048576K
}
Event: 79.809 GC heap after
{Heap after GC invocations=303 (full 3):
 PSYoungGen      total 3584K, used 944K [0x00000000d5580000, 0x00000000d5a80000, 0x0000000100000000)
  eden space 2048K, 0% used [0x00000000d5580000,0x00000000d5580000,0x00000000d5780000)
  from space 1536K, 61% used [0x00000000d5900000,0x00000000d59ec020,0x00000000d5a80000)
  to   space 1536K, 0% used [0x00000000d5780000,0x00000000d5780000,0x00000000d5900000)
 ParOldGen       total 510976K, used 245068K [0x0000000080000000, 0x000000009f300000, 0x00000000d5580000)
  object space 510976K, 47% used [0x0000000080000000,0x000000008ef530c0,0x000000009f300000)
 Metaspace       used 70828K, committed 72256K, reserved 1114112K
  class space    used 7490K, committed 8128K, reserved 1048576K
}

